  main.cpp
d:\github\code-practice\c-code\projects\easy projects\迭代法求矩阵\迭代法求矩阵\main.cpp(19): warning C4018: “<”: 有符号/无符号不匹配
d:\github\code-practice\c-code\projects\easy projects\迭代法求矩阵\迭代法求矩阵\main.cpp(21): warning C4018: “<”: 有符号/无符号不匹配
d:\github\code-practice\c-code\projects\easy projects\迭代法求矩阵\迭代法求矩阵\main.cpp(22): warning C4018: “<”: 有符号/无符号不匹配
d:\github\code-practice\c-code\projects\easy projects\迭代法求矩阵\迭代法求矩阵\main.cpp(27): warning C4018: “<”: 有符号/无符号不匹配
d:\github\code-practice\c-code\projects\easy projects\迭代法求矩阵\迭代法求矩阵\main.cpp(32): warning C4018: “<”: 有符号/无符号不匹配
d:\github\code-practice\c-code\projects\easy projects\迭代法求矩阵\迭代法求矩阵\main.cpp(38): warning C4018: “<”: 有符号/无符号不匹配
d:\github\code-practice\c-code\projects\easy projects\迭代法求矩阵\迭代法求矩阵\main.cpp(40): warning C4018: “<”: 有符号/无符号不匹配
d:\github\code-practice\c-code\projects\easy projects\迭代法求矩阵\迭代法求矩阵\main.cpp(41): warning C4018: “<”: 有符号/无符号不匹配
d:\github\code-practice\c-code\projects\easy projects\迭代法求矩阵\迭代法求矩阵\main.cpp(45): warning C4018: “<”: 有符号/无符号不匹配
d:\github\code-practice\c-code\projects\easy projects\迭代法求矩阵\迭代法求矩阵\main.cpp(47): warning C4018: “<”: 有符号/无符号不匹配
d:\github\code-practice\c-code\projects\easy projects\迭代法求矩阵\迭代法求矩阵\main.cpp(48): warning C4018: “<”: 有符号/无符号不匹配
d:\github\code-practice\c-code\projects\easy projects\迭代法求矩阵\迭代法求矩阵\main.cpp(52): warning C4018: “<”: 有符号/无符号不匹配
d:\github\code-practice\c-code\projects\easy projects\迭代法求矩阵\迭代法求矩阵\main.cpp(54): warning C4018: “<”: 有符号/无符号不匹配
d:\github\code-practice\c-code\projects\easy projects\迭代法求矩阵\迭代法求矩阵\main.cpp(55): warning C4018: “<”: 有符号/无符号不匹配
d:\github\code-practice\c-code\projects\easy projects\迭代法求矩阵\迭代法求矩阵\main.cpp(59): warning C4018: “<”: 有符号/无符号不匹配
d:\github\code-practice\c-code\projects\easy projects\迭代法求矩阵\迭代法求矩阵\main.cpp(69): warning C4018: “<”: 有符号/无符号不匹配
d:\github\code-practice\c-code\projects\easy projects\迭代法求矩阵\迭代法求矩阵\main.cpp(71): warning C4018: “<”: 有符号/无符号不匹配
d:\github\code-practice\c-code\projects\easy projects\迭代法求矩阵\迭代法求矩阵\main.cpp(77): warning C4018: “<”: 有符号/无符号不匹配
d:\github\code-practice\c-code\projects\easy projects\迭代法求矩阵\迭代法求矩阵\main.cpp(79): warning C4018: “<”: 有符号/无符号不匹配
d:\github\code-practice\c-code\projects\easy projects\迭代法求矩阵\迭代法求矩阵\main.cpp(86): warning C4018: “<”: 有符号/无符号不匹配
d:\github\code-practice\c-code\projects\easy projects\迭代法求矩阵\迭代法求矩阵\main.cpp(91): warning C4018: “<”: 有符号/无符号不匹配
d:\github\code-practice\c-code\projects\easy projects\迭代法求矩阵\迭代法求矩阵\main.cpp(104): warning C4018: “<”: 有符号/无符号不匹配
d:\github\code-practice\c-code\projects\easy projects\迭代法求矩阵\迭代法求矩阵\main.cpp(111): warning C4018: “<”: 有符号/无符号不匹配
d:\github\code-practice\c-code\projects\easy projects\迭代法求矩阵\迭代法求矩阵\main.cpp(115): warning C4018: “<”: 有符号/无符号不匹配
d:\github\code-practice\c-code\projects\easy projects\迭代法求矩阵\迭代法求矩阵\main.cpp(118): warning C4018: “<”: 有符号/无符号不匹配
d:\github\code-practice\c-code\projects\easy projects\迭代法求矩阵\迭代法求矩阵\main.cpp(125): warning C4018: “<”: 有符号/无符号不匹配
d:\github\code-practice\c-code\projects\easy projects\迭代法求矩阵\迭代法求矩阵\main.cpp(139): warning C4018: “<”: 有符号/无符号不匹配
d:\github\code-practice\c-code\projects\easy projects\迭代法求矩阵\迭代法求矩阵\main.cpp(147): warning C4018: “<”: 有符号/无符号不匹配
d:\github\code-practice\c-code\projects\easy projects\迭代法求矩阵\迭代法求矩阵\main.cpp(157): warning C4018: “<”: 有符号/无符号不匹配
d:\github\code-practice\c-code\projects\easy projects\迭代法求矩阵\迭代法求矩阵\main.cpp(164): warning C4018: “<”: 有符号/无符号不匹配
d:\github\code-practice\c-code\projects\easy projects\迭代法求矩阵\迭代法求矩阵\main.cpp(168): warning C4018: “<”: 有符号/无符号不匹配
d:\github\code-practice\c-code\projects\easy projects\迭代法求矩阵\迭代法求矩阵\main.cpp(171): warning C4018: “<”: 有符号/无符号不匹配
d:\github\code-practice\c-code\projects\easy projects\迭代法求矩阵\迭代法求矩阵\main.cpp(178): warning C4018: “<”: 有符号/无符号不匹配
d:\github\code-practice\c-code\projects\easy projects\迭代法求矩阵\迭代法求矩阵\main.cpp(193): warning C4018: “<”: 有符号/无符号不匹配
d:\github\code-practice\c-code\projects\easy projects\迭代法求矩阵\迭代法求矩阵\main.cpp(151): warning C4715: “Jacobi_calculation”: 不是所有的控件路径都返回值
d:\github\code-practice\c-code\projects\easy projects\迭代法求矩阵\迭代法求矩阵\main.cpp(197): warning C4715: “Gusse_Seidel_calculation”: 不是所有的控件路径都返回值
  迭代法求矩阵.vcxproj -> D:\github\Code-Practice\C-code\Projects\Easy projects\迭代法求矩阵\Debug\迭代法求矩阵.exe
